INFO    : PreTeXt project found in `/workspaces/VAoS-SVM-1`.
WARNING : Using CLI version 2.0.0 but project's `requirements.txt`
WARNING : is configured to use 1.7.5. Consider either installing
WARNING : CLI version 1.7.5 or changing `requirements.txt` to match 2.0.0.
INFO    : Preparing to build into /workspaces/VAoS-SVM-1/output/web.
INFO    : discovering source file's directory name: /workspaces/VAoS-SVM-1/source
INFO    : verifying and expanding input directory: /workspaces/VAoS-SVM-1/source/../generated-assets
INFO    : input directory expanded to absolute path: /workspaces/VAoS-SVM-1/generated-assets
INFO    : verifying and expanding input directory: /workspaces/VAoS-SVM-1/source/../assets
INFO    : input directory expanded to absolute path: /workspaces/VAoS-SVM-1/assets
INFO    : Runestone Services (via PreTeXt repository): version 7.1.2
INFO    : Runestone Services (using newer, via online CDN query): version 7.1.4
INFO    : converting /workspaces/VAoS-SVM-1/source/main.ptx to HTML in /tmp/tmp0ox__7cc
INFO    : XSL conversion of /workspaces/VAoS-SVM-1/source/main.ptx by /root/.ptx/xsl/pretext-html.xsl
INFO    : comprehensive messages, warnings, and errors:
INFO    :     * PTX:WARNING: A chapter containing sections needs to have other content inside an <introduction> and/or  <conclusion>.
INFO    :     *              located within: "vulprisian-octal-system" (xml:id), "Vulprisian Octal System" (title)
INFO    :     * PTX:DEPRECATE: (2023-08-08) a "website" element with "address" and "name" children has changed.  Continue to use the "website" element as before, but replace the "address" and "name" children with a single "url" element, which is more flexible and reliable.  We will try to honor your intent, but you may prefer your own adjustments. (1 time)
INFO    :     *              located within: "frontmatter" (xml:id)
INFO    :     * --------------
INFO    : successful application of /root/.ptx/xsl/pretext-html.xsl
INFO    : 
Success! Run `pretext view` to see the results.

